{"C:\\Users\\robin\\Documents\\Openclassrooms\\P9_bonhoure_robin\\Billed-app-FR-Front\\src\\constants\\routes.js": {"path":"C:\\Users\\robin\\Documents\\Openclassrooms\\P9_bonhoure_robin\\Billed-app-FR-Front\\src\\constants\\routes.js","statementMap":{"0":{"start":{"line":6,"column":27},"end":{"line":11,"column":1}},"1":{"start":{"line":13,"column":22},"end":{"line":26,"column":1}},"2":{"start":{"line":14,"column":2},"end":{"line":25,"column":3}},"3":{"start":{"line":16,"column":6},"end":{"line":16,"column":46}},"4":{"start":{"line":18,"column":6},"end":{"line":18,"column":46}},"5":{"start":{"line":20,"column":6},"end":{"line":20,"column":24}},"6":{"start":{"line":22,"column":6},"end":{"line":22,"column":50}},"7":{"start":{"line":24,"column":6},"end":{"line":24,"column":46}}},"fnMap":{"0":{"name":"(anonymous_0)","decl":{"start":{"line":13,"column":22},"end":{"line":13,"column":23}},"loc":{"start":{"line":13,"column":62},"end":{"line":26,"column":1}},"line":13}},"branchMap":{"0":{"loc":{"start":{"line":14,"column":2},"end":{"line":25,"column":3}},"type":"switch","locations":[{"start":{"line":15,"column":4},"end":{"line":16,"column":46}},{"start":{"line":17,"column":4},"end":{"line":18,"column":46}},{"start":{"line":19,"column":4},"end":{"line":20,"column":24}},{"start":{"line":21,"column":4},"end":{"line":22,"column":50}},{"start":{"line":23,"column":4},"end":{"line":24,"column":46}}],"line":14}},"s":{"0":6,"1":6,"2":26,"3":6,"4":5,"5":2,"6":12,"7":1},"f":{"0":26},"b":{"0":[6,5,2,12,1]},"_coverageSchema":"1a1c01bbd47fc00a2c39e90264f33305004495a9","hash":"3d0f31b967d579e50145caf9dff3cab51b10ac10"}
,"C:\\Users\\robin\\Documents\\Openclassrooms\\P9_bonhoure_robin\\Billed-app-FR-Front\\src\\constants\\usersTest.js": {"path":"C:\\Users\\robin\\Documents\\Openclassrooms\\P9_bonhoure_robin\\Billed-app-FR-Front\\src\\constants\\usersTest.js","statementMap":{},"fnMap":{},"branchMap":{},"s":{},"f":{},"b":{},"_coverageSchema":"1a1c01bbd47fc00a2c39e90264f33305004495a9","hash":"ff32f30699dd069824e3e50b3a92d479db6c198a"}
,"C:\\Users\\robin\\Documents\\Openclassrooms\\P9_bonhoure_robin\\Billed-app-FR-Front\\src\\containers\\Bills.js": {"path":"C:\\Users\\robin\\Documents\\Openclassrooms\\P9_bonhoure_robin\\Billed-app-FR-Front\\src\\containers\\Bills.js","statementMap":{"0":{"start":{"line":7,"column":4},"end":{"line":7,"column":28}},"1":{"start":{"line":8,"column":4},"end":{"line":8,"column":32}},"2":{"start":{"line":9,"column":4},"end":{"line":9,"column":22}},"3":{"start":{"line":10,"column":26},"end":{"line":10,"column":86}},"4":{"start":{"line":11,"column":4},"end":{"line":11,"column":87}},"5":{"start":{"line":11,"column":23},"end":{"line":11,"column":87}},"6":{"start":{"line":12,"column":20},"end":{"line":12,"column":76}},"7":{"start":{"line":13,"column":4},"end":{"line":15,"column":6}},"8":{"start":{"line":13,"column":17},"end":{"line":15,"column":6}},"9":{"start":{"line":14,"column":6},"end":{"line":14,"column":73}},"10":{"start":{"line":14,"column":43},"end":{"line":14,"column":72}},"11":{"start":{"line":16,"column":4},"end":{"line":16,"column":54}},"12":{"start":{"line":19,"column":23},"end":{"line":21,"column":3}},"13":{"start":{"line":20,"column":4},"end":{"line":20,"column":43}},"14":{"start":{"line":23,"column":23},"end":{"line":30,"column":3}},"15":{"start":{"line":24,"column":4},"end":{"line":24,"column":21}},"16":{"start":{"line":25,"column":20},"end":{"line":25,"column":54}},"17":{"start":{"line":26,"column":21},"end":{"line":26,"column":63}},"18":{"start":{"line":27,"column":4},"end":{"line":27,"column":33}},"19":{"start":{"line":28,"column":4},"end":{"line":28,"column":168}},"20":{"start":{"line":29,"column":4},"end":{"line":29,"column":34}},"21":{"start":{"line":32,"column":13},"end":{"line":64,"column":3}},"22":{"start":{"line":33,"column":4},"end":{"line":63,"column":5}},"23":{"start":{"line":34,"column":6},"end":{"line":62,"column":10}},"24":{"start":{"line":38,"column":22},"end":{"line":56,"column":14}},"25":{"start":{"line":40,"column":14},"end":{"line":55,"column":15}},"26":{"start":{"line":41,"column":16},"end":{"line":45,"column":17}},"27":{"start":{"line":49,"column":16},"end":{"line":49,"column":42}},"28":{"start":{"line":50,"column":16},"end":{"line":54,"column":17}},"29":{"start":{"line":57,"column":10},"end":{"line":57,"column":45}},"30":{"start":{"line":58,"column":10},"end":{"line":58,"column":28}},"31":{"start":{"line":59,"column":29},"end":{"line":59,"column":57}},"32":{"start":{"line":59,"column":40},"end":{"line":59,"column":56}},"33":{"start":{"line":60,"column":10},"end":{"line":60,"column":45}},"34":{"start":{"line":61,"column":10},"end":{"line":61,"column":22}}},"fnMap":{"0":{"name":"(anonymous_0)","decl":{"start":{"line":6,"column":2},"end":{"line":6,"column":3}},"loc":{"start":{"line":6,"column":61},"end":{"line":17,"column":3}},"line":6},"1":{"name":"(anonymous_1)","decl":{"start":{"line":13,"column":33},"end":{"line":13,"column":34}},"loc":{"start":{"line":13,"column":41},"end":{"line":15,"column":5}},"line":13},"2":{"name":"(anonymous_2)","decl":{"start":{"line":14,"column":37},"end":{"line":14,"column":38}},"loc":{"start":{"line":14,"column":43},"end":{"line":14,"column":72}},"line":14},"3":{"name":"(anonymous_3)","decl":{"start":{"line":19,"column":23},"end":{"line":19,"column":24}},"loc":{"start":{"line":19,"column":29},"end":{"line":21,"column":3}},"line":19},"4":{"name":"(anonymous_4)","decl":{"start":{"line":23,"column":23},"end":{"line":23,"column":24}},"loc":{"start":{"line":23,"column":33},"end":{"line":30,"column":3}},"line":23},"5":{"name":"(anonymous_5)","decl":{"start":{"line":32,"column":13},"end":{"line":32,"column":14}},"loc":{"start":{"line":32,"column":19},"end":{"line":64,"column":3}},"line":32},"6":{"name":"(anonymous_6)","decl":{"start":{"line":37,"column":14},"end":{"line":37,"column":15}},"loc":{"start":{"line":37,"column":26},"end":{"line":62,"column":9}},"line":37},"7":{"name":"(anonymous_7)","decl":{"start":{"line":39,"column":17},"end":{"line":39,"column":18}},"loc":{"start":{"line":39,"column":24},"end":{"line":56,"column":13}},"line":39},"8":{"name":"(anonymous_8)","decl":{"start":{"line":59,"column":29},"end":{"line":59,"column":30}},"loc":{"start":{"line":59,"column":40},"end":{"line":59,"column":56}},"line":59}},"branchMap":{"0":{"loc":{"start":{"line":11,"column":4},"end":{"line":11,"column":87}},"type":"if","locations":[{"start":{"line":11,"column":4},"end":{"line":11,"column":87}},{"start":{"line":11,"column":4},"end":{"line":11,"column":87}}],"line":11},"1":{"loc":{"start":{"line":13,"column":4},"end":{"line":15,"column":6}},"type":"if","locations":[{"start":{"line":13,"column":4},"end":{"line":15,"column":6}},{"start":{"line":13,"column":4},"end":{"line":15,"column":6}}],"line":13},"2":{"loc":{"start":{"line":33,"column":4},"end":{"line":63,"column":5}},"type":"if","locations":[{"start":{"line":33,"column":4},"end":{"line":63,"column":5}},{"start":{"line":33,"column":4},"end":{"line":63,"column":5}}],"line":33},"3":{"loc":{"start":{"line":59,"column":40},"end":{"line":59,"column":56}},"type":"cond-expr","locations":[{"start":{"line":59,"column":50},"end":{"line":59,"column":52}},{"start":{"line":59,"column":55},"end":{"line":59,"column":56}}],"line":59}},"s":{"0":2,"1":2,"2":2,"3":2,"4":2,"5":0,"6":2,"7":2,"8":2,"9":0,"10":0,"11":2,"12":2,"13":1,"14":2,"15":1,"16":1,"17":1,"18":1,"19":1,"20":1,"21":2,"22":0,"23":0,"24":0,"25":0,"26":0,"27":0,"28":0,"29":0,"30":0,"31":0,"32":0,"33":0,"34":0},"f":{"0":2,"1":0,"2":0,"3":1,"4":1,"5":0,"6":0,"7":0,"8":0},"b":{"0":[0,2],"1":[2,0],"2":[0,0],"3":[0,0]},"_coverageSchema":"1a1c01bbd47fc00a2c39e90264f33305004495a9","hash":"d14f86a4a236e93a59a74fb2012c6ea843e1de08"}
,"C:\\Users\\robin\\Documents\\Openclassrooms\\P9_bonhoure_robin\\Billed-app-FR-Front\\src\\containers\\Dashboard.js": {"path":"C:\\Users\\robin\\Documents\\Openclassrooms\\P9_bonhoure_robin\\Billed-app-FR-Front\\src\\containers\\Dashboard.js","statementMap":{"0":{"start":{"line":10,"column":13},"end":{"line":10,"column":18}},"1":{"start":{"line":12,"column":29},"end":{"line":32,"column":1}},"2":{"start":{"line":13,"column":2},"end":{"line":31,"column":11}},"3":{"start":{"line":18,"column":6},"end":{"line":28,"column":7}},"4":{"start":{"line":19,"column":8},"end":{"line":19,"column":50}},"5":{"start":{"line":30,"column":6},"end":{"line":30,"column":28}},"6":{"start":{"line":34,"column":20},"end":{"line":57,"column":1}},"7":{"start":{"line":35,"column":28},"end":{"line":35,"column":52}},"8":{"start":{"line":36,"column":20},"end":{"line":37,"column":40}},"9":{"start":{"line":38,"column":19},"end":{"line":39,"column":53}},"10":{"start":{"line":41,"column":2},"end":{"line":56,"column":4}},"11":{"start":{"line":59,"column":21},"end":{"line":61,"column":1}},"12":{"start":{"line":60,"column":2},"end":{"line":60,"column":76}},"13":{"start":{"line":60,"column":51},"end":{"line":60,"column":61}},"14":{"start":{"line":63,"column":25},"end":{"line":72,"column":1}},"15":{"start":{"line":64,"column":2},"end":{"line":71,"column":3}},"16":{"start":{"line":66,"column":6},"end":{"line":66,"column":22}},"17":{"start":{"line":68,"column":6},"end":{"line":68,"column":23}},"18":{"start":{"line":70,"column":6},"end":{"line":70,"column":22}},"19":{"start":{"line":76,"column":4},"end":{"line":76,"column":28}},"20":{"start":{"line":77,"column":4},"end":{"line":77,"column":32}},"21":{"start":{"line":78,"column":4},"end":{"line":78,"column":22}},"22":{"start":{"line":79,"column":4},"end":{"line":79,"column":71}},"23":{"start":{"line":79,"column":35},"end":{"line":79,"column":70}},"24":{"start":{"line":80,"column":4},"end":{"line":80,"column":71}},"25":{"start":{"line":80,"column":35},"end":{"line":80,"column":70}},"26":{"start":{"line":81,"column":4},"end":{"line":81,"column":71}},"27":{"start":{"line":81,"column":35},"end":{"line":81,"column":70}},"28":{"start":{"line":82,"column":4},"end":{"line":82,"column":44}},"29":{"start":{"line":85,"column":23},"end":{"line":90,"column":3}},"30":{"start":{"line":86,"column":20},"end":{"line":86,"column":58}},"31":{"start":{"line":87,"column":21},"end":{"line":87,"column":69}},"32":{"start":{"line":88,"column":4},"end":{"line":88,"column":144}},"33":{"start":{"line":89,"column":4},"end":{"line":89,"column":96}},"34":{"start":{"line":89,"column":60},"end":{"line":89,"column":96}},"35":{"start":{"line":93,"column":4},"end":{"line":93,"column":32}},"36":{"start":{"line":94,"column":4},"end":{"line":94,"column":75}},"37":{"start":{"line":94,"column":59},"end":{"line":94,"column":75}},"38":{"start":{"line":95,"column":4},"end":{"line":95,"column":71}},"39":{"start":{"line":95,"column":54},"end":{"line":95,"column":71}},"40":{"start":{"line":96,"column":4},"end":{"line":96,"column":29}},"41":{"start":{"line":97,"column":4},"end":{"line":113,"column":5}},"42":{"start":{"line":98,"column":6},"end":{"line":100,"column":8}},"43":{"start":{"line":99,"column":8},"end":{"line":99,"column":61}},"44":{"start":{"line":101,"column":6},"end":{"line":101,"column":62}},"45":{"start":{"line":102,"column":6},"end":{"line":102,"column":69}},"46":{"start":{"line":103,"column":6},"end":{"line":103,"column":52}},"47":{"start":{"line":104,"column":6},"end":{"line":104,"column":21}},"48":{"start":{"line":106,"column":6},"end":{"line":106,"column":62}},"49":{"start":{"line":108,"column":6},"end":{"line":110,"column":8}},"50":{"start":{"line":111,"column":6},"end":{"line":111,"column":52}},"51":{"start":{"line":112,"column":6},"end":{"line":112,"column":21}},"52":{"start":{"line":114,"column":4},"end":{"line":114,"column":51}},"53":{"start":{"line":115,"column":4},"end":{"line":115,"column":72}},"54":{"start":{"line":115,"column":39},"end":{"line":115,"column":71}},"55":{"start":{"line":116,"column":4},"end":{"line":116,"column":72}},"56":{"start":{"line":116,"column":39},"end":{"line":116,"column":71}},"57":{"start":{"line":119,"column":23},"end":{"line":127,"column":3}},"58":{"start":{"line":120,"column":20},"end":{"line":124,"column":5}},"59":{"start":{"line":125,"column":4},"end":{"line":125,"column":28}},"60":{"start":{"line":126,"column":4},"end":{"line":126,"column":45}},"61":{"start":{"line":129,"column":23},"end":{"line":137,"column":3}},"62":{"start":{"line":130,"column":20},"end":{"line":134,"column":5}},"63":{"start":{"line":135,"column":4},"end":{"line":135,"column":28}},"64":{"start":{"line":136,"column":4},"end":{"line":136,"column":45}},"65":{"start":{"line":143,"column":4},"end":{"line":143,"column":76}},"66":{"start":{"line":143,"column":60},"end":{"line":143,"column":76}},"67":{"start":{"line":144,"column":4},"end":{"line":144,"column":76}},"68":{"start":{"line":144,"column":58},"end":{"line":144,"column":76}},"69":{"start":{"line":145,"column":4},"end":{"line":155,"column":5}},"70":{"start":{"line":146,"column":6},"end":{"line":146,"column":69}},"71":{"start":{"line":147,"column":6},"end":{"line":148,"column":65}},"72":{"start":{"line":149,"column":6},"end":{"line":149,"column":21}},"73":{"start":{"line":151,"column":6},"end":{"line":151,"column":70}},"74":{"start":{"line":152,"column":6},"end":{"line":153,"column":17}},"75":{"start":{"line":154,"column":6},"end":{"line":154,"column":21}},"76":{"start":{"line":157,"column":4},"end":{"line":159,"column":6}},"77":{"start":{"line":158,"column":6},"end":{"line":158,"column":83}},"78":{"start":{"line":158,"column":45},"end":{"line":158,"column":82}},"79":{"start":{"line":161,"column":4},"end":{"line":161,"column":16}},"80":{"start":{"line":165,"column":21},"end":{"line":184,"column":3}},"81":{"start":{"line":166,"column":4},"end":{"line":183,"column":5}},"82":{"start":{"line":167,"column":6},"end":{"line":182,"column":8}},"83":{"start":{"line":171,"column":22},"end":{"line":177,"column":11}},"84":{"start":{"line":172,"column":21},"end":{"line":177,"column":9}},"85":{"start":{"line":178,"column":8},"end":{"line":178,"column":20}},"86":{"start":{"line":181,"column":8},"end":{"line":181,"column":20}}},"fnMap":{"0":{"name":"(anonymous_0)","decl":{"start":{"line":12,"column":29},"end":{"line":12,"column":30}},"loc":{"start":{"line":12,"column":47},"end":{"line":32,"column":1}},"line":12},"1":{"name":"(anonymous_1)","decl":{"start":{"line":14,"column":16},"end":{"line":14,"column":17}},"loc":{"start":{"line":14,"column":24},"end":{"line":31,"column":5}},"line":14},"2":{"name":"(anonymous_2)","decl":{"start":{"line":34,"column":20},"end":{"line":34,"column":21}},"loc":{"start":{"line":34,"column":30},"end":{"line":57,"column":1}},"line":34},"3":{"name":"(anonymous_3)","decl":{"start":{"line":59,"column":21},"end":{"line":59,"column":22}},"loc":{"start":{"line":59,"column":32},"end":{"line":61,"column":1}},"line":59},"4":{"name":"(anonymous_4)","decl":{"start":{"line":60,"column":43},"end":{"line":60,"column":44}},"loc":{"start":{"line":60,"column":51},"end":{"line":60,"column":61}},"line":60},"5":{"name":"(anonymous_5)","decl":{"start":{"line":63,"column":25},"end":{"line":63,"column":26}},"loc":{"start":{"line":63,"column":36},"end":{"line":72,"column":1}},"line":63},"6":{"name":"(anonymous_6)","decl":{"start":{"line":75,"column":2},"end":{"line":75,"column":3}},"loc":{"start":{"line":75,"column":68},"end":{"line":83,"column":3}},"line":75},"7":{"name":"(anonymous_7)","decl":{"start":{"line":79,"column":28},"end":{"line":79,"column":29}},"loc":{"start":{"line":79,"column":35},"end":{"line":79,"column":70}},"line":79},"8":{"name":"(anonymous_8)","decl":{"start":{"line":80,"column":28},"end":{"line":80,"column":29}},"loc":{"start":{"line":80,"column":35},"end":{"line":80,"column":70}},"line":80},"9":{"name":"(anonymous_9)","decl":{"start":{"line":81,"column":28},"end":{"line":81,"column":29}},"loc":{"start":{"line":81,"column":35},"end":{"line":81,"column":70}},"line":81},"10":{"name":"(anonymous_10)","decl":{"start":{"line":85,"column":23},"end":{"line":85,"column":24}},"loc":{"start":{"line":85,"column":29},"end":{"line":90,"column":3}},"line":85},"11":{"name":"(anonymous_11)","decl":{"start":{"line":92,"column":2},"end":{"line":92,"column":3}},"loc":{"start":{"line":92,"column":35},"end":{"line":117,"column":3}},"line":92},"12":{"name":"(anonymous_12)","decl":{"start":{"line":98,"column":20},"end":{"line":98,"column":21}},"loc":{"start":{"line":98,"column":25},"end":{"line":100,"column":7}},"line":98},"13":{"name":"(anonymous_13)","decl":{"start":{"line":115,"column":32},"end":{"line":115,"column":33}},"loc":{"start":{"line":115,"column":39},"end":{"line":115,"column":71}},"line":115},"14":{"name":"(anonymous_14)","decl":{"start":{"line":116,"column":32},"end":{"line":116,"column":33}},"loc":{"start":{"line":116,"column":39},"end":{"line":116,"column":71}},"line":116},"15":{"name":"(anonymous_15)","decl":{"start":{"line":119,"column":23},"end":{"line":119,"column":24}},"loc":{"start":{"line":119,"column":36},"end":{"line":127,"column":3}},"line":119},"16":{"name":"(anonymous_16)","decl":{"start":{"line":129,"column":23},"end":{"line":129,"column":24}},"loc":{"start":{"line":129,"column":36},"end":{"line":137,"column":3}},"line":129},"17":{"name":"(anonymous_17)","decl":{"start":{"line":140,"column":2},"end":{"line":140,"column":3}},"loc":{"start":{"line":140,"column":37},"end":{"line":163,"column":3}},"line":140},"18":{"name":"(anonymous_18)","decl":{"start":{"line":157,"column":18},"end":{"line":157,"column":19}},"loc":{"start":{"line":157,"column":26},"end":{"line":159,"column":5}},"line":157},"19":{"name":"(anonymous_19)","decl":{"start":{"line":158,"column":38},"end":{"line":158,"column":39}},"loc":{"start":{"line":158,"column":45},"end":{"line":158,"column":82}},"line":158},"20":{"name":"(anonymous_20)","decl":{"start":{"line":165,"column":21},"end":{"line":165,"column":22}},"loc":{"start":{"line":165,"column":27},"end":{"line":184,"column":3}},"line":165},"21":{"name":"(anonymous_21)","decl":{"start":{"line":170,"column":12},"end":{"line":170,"column":13}},"loc":{"start":{"line":170,"column":24},"end":{"line":179,"column":7}},"line":170},"22":{"name":"(anonymous_22)","decl":{"start":{"line":172,"column":13},"end":{"line":172,"column":14}},"loc":{"start":{"line":172,"column":21},"end":{"line":177,"column":9}},"line":172},"23":{"name":"(anonymous_23)","decl":{"start":{"line":180,"column":13},"end":{"line":180,"column":14}},"loc":{"start":{"line":180,"column":22},"end":{"line":182,"column":7}},"line":180}},"branchMap":{"0":{"loc":{"start":{"line":13,"column":9},"end":{"line":31,"column":11}},"type":"cond-expr","locations":[{"start":{"line":14,"column":4},"end":{"line":31,"column":6}},{"start":{"line":31,"column":9},"end":{"line":31,"column":11}}],"line":13},"1":{"loc":{"start":{"line":13,"column":10},"end":{"line":13,"column":29}},"type":"binary-expr","locations":[{"start":{"line":13,"column":10},"end":{"line":13,"column":14}},{"start":{"line":13,"column":18},"end":{"line":13,"column":29}}],"line":13},"2":{"loc":{"start":{"line":18,"column":6},"end":{"line":28,"column":7}},"type":"if","locations":[{"start":{"line":18,"column":6},"end":{"line":28,"column":7}},{"start":{"line":18,"column":6},"end":{"line":28,"column":7}}],"line":18},"3":{"loc":{"start":{"line":36,"column":20},"end":{"line":37,"column":40}},"type":"cond-expr","locations":[{"start":{"line":37,"column":4},"end":{"line":37,"column":35}},{"start":{"line":37,"column":38},"end":{"line":37,"column":40}}],"line":36},"4":{"loc":{"start":{"line":38,"column":19},"end":{"line":39,"column":53}},"type":"cond-expr","locations":[{"start":{"line":39,"column":2},"end":{"line":39,"column":33}},{"start":{"line":39,"column":36},"end":{"line":39,"column":53}}],"line":38},"5":{"loc":{"start":{"line":60,"column":9},"end":{"line":60,"column":76}},"type":"cond-expr","locations":[{"start":{"line":60,"column":33},"end":{"line":60,"column":71}},{"start":{"line":60,"column":74},"end":{"line":60,"column":76}}],"line":60},"6":{"loc":{"start":{"line":60,"column":9},"end":{"line":60,"column":30}},"type":"binary-expr","locations":[{"start":{"line":60,"column":9},"end":{"line":60,"column":14}},{"start":{"line":60,"column":18},"end":{"line":60,"column":30}}],"line":60},"7":{"loc":{"start":{"line":64,"column":2},"end":{"line":71,"column":3}},"type":"switch","locations":[{"start":{"line":65,"column":4},"end":{"line":66,"column":22}},{"start":{"line":67,"column":4},"end":{"line":68,"column":23}},{"start":{"line":69,"column":4},"end":{"line":70,"column":22}}],"line":64},"8":{"loc":{"start":{"line":89,"column":4},"end":{"line":89,"column":96}},"type":"if","locations":[{"start":{"line":89,"column":4},"end":{"line":89,"column":96}},{"start":{"line":89,"column":4},"end":{"line":89,"column":96}}],"line":89},"9":{"loc":{"start":{"line":94,"column":4},"end":{"line":94,"column":75}},"type":"if","locations":[{"start":{"line":94,"column":4},"end":{"line":94,"column":75}},{"start":{"line":94,"column":4},"end":{"line":94,"column":75}}],"line":94},"10":{"loc":{"start":{"line":94,"column":8},"end":{"line":94,"column":57}},"type":"binary-expr","locations":[{"start":{"line":94,"column":8},"end":{"line":94,"column":34}},{"start":{"line":94,"column":38},"end":{"line":94,"column":57}}],"line":94},"11":{"loc":{"start":{"line":95,"column":4},"end":{"line":95,"column":71}},"type":"if","locations":[{"start":{"line":95,"column":4},"end":{"line":95,"column":71}},{"start":{"line":95,"column":4},"end":{"line":95,"column":71}}],"line":95},"12":{"loc":{"start":{"line":95,"column":8},"end":{"line":95,"column":52}},"type":"binary-expr","locations":[{"start":{"line":95,"column":8},"end":{"line":95,"column":29}},{"start":{"line":95,"column":33},"end":{"line":95,"column":52}}],"line":95},"13":{"loc":{"start":{"line":97,"column":4},"end":{"line":113,"column":5}},"type":"if","locations":[{"start":{"line":97,"column":4},"end":{"line":113,"column":5}},{"start":{"line":97,"column":4},"end":{"line":113,"column":5}}],"line":97},"14":{"loc":{"start":{"line":143,"column":4},"end":{"line":143,"column":76}},"type":"if","locations":[{"start":{"line":143,"column":4},"end":{"line":143,"column":76}},{"start":{"line":143,"column":4},"end":{"line":143,"column":76}}],"line":143},"15":{"loc":{"start":{"line":143,"column":8},"end":{"line":143,"column":58}},"type":"binary-expr","locations":[{"start":{"line":143,"column":8},"end":{"line":143,"column":34}},{"start":{"line":143,"column":38},"end":{"line":143,"column":58}}],"line":143},"16":{"loc":{"start":{"line":144,"column":4},"end":{"line":144,"column":76}},"type":"if","locations":[{"start":{"line":144,"column":4},"end":{"line":144,"column":76}},{"start":{"line":144,"column":4},"end":{"line":144,"column":76}}],"line":144},"17":{"loc":{"start":{"line":144,"column":8},"end":{"line":144,"column":56}},"type":"binary-expr","locations":[{"start":{"line":144,"column":8},"end":{"line":144,"column":32}},{"start":{"line":144,"column":36},"end":{"line":144,"column":56}}],"line":144},"18":{"loc":{"start":{"line":145,"column":4},"end":{"line":155,"column":5}},"type":"if","locations":[{"start":{"line":145,"column":4},"end":{"line":155,"column":5}},{"start":{"line":145,"column":4},"end":{"line":155,"column":5}}],"line":145},"19":{"loc":{"start":{"line":166,"column":4},"end":{"line":183,"column":5}},"type":"if","locations":[{"start":{"line":166,"column":4},"end":{"line":183,"column":5}},{"start":{"line":166,"column":4},"end":{"line":183,"column":5}}],"line":166}},"s":{"0":6,"1":6,"2":44,"3":104,"4":104,"5":104,"6":6,"7":6,"8":6,"9":6,"10":6,"11":6,"12":6,"13":6,"14":6,"15":5,"16":3,"17":1,"18":1,"19":14,"20":14,"21":14,"22":14,"23":0,"24":14,"25":0,"26":14,"27":0,"28":14,"29":14,"30":1,"31":1,"32":1,"33":1,"34":0,"35":3,"36":3,"37":2,"38":3,"39":2,"40":3,"41":3,"42":2,"43":8,"44":2,"45":2,"46":2,"47":2,"48":1,"49":1,"50":1,"51":1,"52":3,"53":3,"54":0,"55":3,"56":0,"57":14,"58":1,"59":1,"60":1,"61":14,"62":1,"63":1,"64":1,"65":5,"66":5,"67":5,"68":5,"69":5,"70":5,"71":5,"72":5,"73":0,"74":0,"75":0,"76":5,"77":20,"78":3,"79":5,"80":14,"81":5,"82":5,"83":3,"84":12,"85":3,"86":2},"f":{"0":44,"1":104,"2":6,"3":6,"4":6,"5":5,"6":14,"7":0,"8":0,"9":0,"10":1,"11":3,"12":8,"13":0,"14":0,"15":1,"16":1,"17":5,"18":20,"19":3,"20":5,"21":3,"22":12,"23":2},"b":{"0":[26,18],"1":[44,26],"2":[104,0],"3":[0,6],"4":[0,6],"5":[5,1],"6":[6,6],"7":[3,1,1],"8":[0,1],"9":[2,1],"10":[3,3],"11":[2,1],"12":[3,1],"13":[2,1],"14":[5,0],"15":[5,2],"16":[5,0],"17":[5,2],"18":[5,0],"19":[5,0]},"_coverageSchema":"1a1c01bbd47fc00a2c39e90264f33305004495a9","hash":"2dd763ff8ad0e8db972f24d162e256270def11ac"}
,"C:\\Users\\robin\\Documents\\Openclassrooms\\P9_bonhoure_robin\\Billed-app-FR-Front\\src\\containers\\Login.js": {"path":"C:\\Users\\robin\\Documents\\Openclassrooms\\P9_bonhoure_robin\\Billed-app-FR-Front\\src\\containers\\Login.js","statementMap":{"0":{"start":{"line":3,"column":31},"end":{"line":3,"column":33}},"1":{"start":{"line":8,"column":4},"end":{"line":8,"column":28}},"2":{"start":{"line":9,"column":4},"end":{"line":9,"column":36}},"3":{"start":{"line":10,"column":4},"end":{"line":10,"column":32}},"4":{"start":{"line":11,"column":4},"end":{"line":11,"column":46}},"5":{"start":{"line":12,"column":4},"end":{"line":12,"column":22}},"6":{"start":{"line":13,"column":25},"end":{"line":13,"column":89}},"7":{"start":{"line":14,"column":4},"end":{"line":14,"column":70}},"8":{"start":{"line":15,"column":22},"end":{"line":15,"column":83}},"9":{"start":{"line":16,"column":4},"end":{"line":16,"column":64}},"10":{"start":{"line":18,"column":25},"end":{"line":38,"column":3}},"11":{"start":{"line":19,"column":4},"end":{"line":19,"column":22}},"12":{"start":{"line":20,"column":17},"end":{"line":25,"column":5}},"13":{"start":{"line":26,"column":4},"end":{"line":26,"column":59}},"14":{"start":{"line":27,"column":4},"end":{"line":36,"column":8}},"15":{"start":{"line":29,"column":17},"end":{"line":29,"column":38}},"16":{"start":{"line":32,"column":8},"end":{"line":32,"column":45}},"17":{"start":{"line":33,"column":8},"end":{"line":33,"column":53}},"18":{"start":{"line":34,"column":8},"end":{"line":34,"column":50}},"19":{"start":{"line":35,"column":8},"end":{"line":35,"column":55}},"20":{"start":{"line":40,"column":22},"end":{"line":59,"column":3}},"21":{"start":{"line":41,"column":4},"end":{"line":41,"column":22}},"22":{"start":{"line":42,"column":17},"end":{"line":47,"column":5}},"23":{"start":{"line":48,"column":4},"end":{"line":48,"column":59}},"24":{"start":{"line":49,"column":4},"end":{"line":58,"column":8}},"25":{"start":{"line":51,"column":17},"end":{"line":51,"column":38}},"26":{"start":{"line":54,"column":8},"end":{"line":54,"column":49}},"27":{"start":{"line":55,"column":8},"end":{"line":55,"column":57}},"28":{"start":{"line":56,"column":8},"end":{"line":56,"column":50}},"29":{"start":{"line":57,"column":8},"end":{"line":57,"column":50}},"30":{"start":{"line":62,"column":10},"end":{"line":74,"column":3}},"31":{"start":{"line":63,"column":4},"end":{"line":73,"column":5}},"32":{"start":{"line":64,"column":6},"end":{"line":70,"column":8}},"33":{"start":{"line":69,"column":8},"end":{"line":69,"column":40}},"34":{"start":{"line":72,"column":6},"end":{"line":72,"column":17}},"35":{"start":{"line":77,"column":15},"end":{"line":94,"column":3}},"36":{"start":{"line":78,"column":4},"end":{"line":93,"column":5}},"37":{"start":{"line":79,"column":6},"end":{"line":90,"column":8}},"38":{"start":{"line":88,"column":8},"end":{"line":88,"column":57}},"39":{"start":{"line":89,"column":8},"end":{"line":89,"column":31}},"40":{"start":{"line":92,"column":6},"end":{"line":92,"column":17}}},"fnMap":{"0":{"name":"(anonymous_0)","decl":{"start":{"line":7,"column":2},"end":{"line":7,"column":3}},"loc":{"start":{"line":7,"column":80},"end":{"line":17,"column":3}},"line":7},"1":{"name":"(anonymous_1)","decl":{"start":{"line":18,"column":25},"end":{"line":18,"column":26}},"loc":{"start":{"line":18,"column":30},"end":{"line":38,"column":3}},"line":18},"2":{"name":"(anonymous_2)","decl":{"start":{"line":29,"column":8},"end":{"line":29,"column":9}},"loc":{"start":{"line":29,"column":17},"end":{"line":29,"column":38}},"line":29},"3":{"name":"(anonymous_3)","decl":{"start":{"line":31,"column":12},"end":{"line":31,"column":13}},"loc":{"start":{"line":31,"column":18},"end":{"line":36,"column":7}},"line":31},"4":{"name":"(anonymous_4)","decl":{"start":{"line":40,"column":22},"end":{"line":40,"column":23}},"loc":{"start":{"line":40,"column":27},"end":{"line":59,"column":3}},"line":40},"5":{"name":"(anonymous_5)","decl":{"start":{"line":51,"column":8},"end":{"line":51,"column":9}},"loc":{"start":{"line":51,"column":17},"end":{"line":51,"column":38}},"line":51},"6":{"name":"(anonymous_6)","decl":{"start":{"line":53,"column":12},"end":{"line":53,"column":13}},"loc":{"start":{"line":53,"column":18},"end":{"line":58,"column":7}},"line":53},"7":{"name":"(anonymous_7)","decl":{"start":{"line":62,"column":10},"end":{"line":62,"column":11}},"loc":{"start":{"line":62,"column":20},"end":{"line":74,"column":3}},"line":62},"8":{"name":"(anonymous_8)","decl":{"start":{"line":68,"column":15},"end":{"line":68,"column":16}},"loc":{"start":{"line":68,"column":26},"end":{"line":70,"column":7}},"line":68},"9":{"name":"(anonymous_9)","decl":{"start":{"line":77,"column":15},"end":{"line":77,"column":16}},"loc":{"start":{"line":77,"column":25},"end":{"line":94,"column":3}},"line":77},"10":{"name":"(anonymous_10)","decl":{"start":{"line":87,"column":12},"end":{"line":87,"column":13}},"loc":{"start":{"line":87,"column":18},"end":{"line":90,"column":7}},"line":87}},"branchMap":{"0":{"loc":{"start":{"line":63,"column":4},"end":{"line":73,"column":5}},"type":"if","locations":[{"start":{"line":63,"column":4},"end":{"line":73,"column":5}},{"start":{"line":63,"column":4},"end":{"line":73,"column":5}}],"line":63},"1":{"loc":{"start":{"line":78,"column":4},"end":{"line":93,"column":5}},"type":"if","locations":[{"start":{"line":78,"column":4},"end":{"line":93,"column":5}},{"start":{"line":78,"column":4},"end":{"line":93,"column":5}}],"line":78}},"s":{"0":3,"1":3,"2":3,"3":3,"4":3,"5":3,"6":3,"7":3,"8":3,"9":3,"10":3,"11":2,"12":2,"13":2,"14":2,"15":0,"16":2,"17":2,"18":2,"19":2,"20":3,"21":2,"22":2,"23":2,"24":2,"25":0,"26":2,"27":2,"28":2,"29":2,"30":3,"31":0,"32":0,"33":0,"34":0,"35":3,"36":0,"37":0,"38":0,"39":0,"40":0},"f":{"0":3,"1":2,"2":0,"3":2,"4":2,"5":0,"6":2,"7":0,"8":0,"9":0,"10":0},"b":{"0":[0,0],"1":[0,0]},"_coverageSchema":"1a1c01bbd47fc00a2c39e90264f33305004495a9","hash":"c8723c456296722da59ba5cd9c2a66a9c34753e1"}
,"C:\\Users\\robin\\Documents\\Openclassrooms\\P9_bonhoure_robin\\Billed-app-FR-Front\\src\\containers\\Logout.js": {"path":"C:\\Users\\robin\\Documents\\Openclassrooms\\P9_bonhoure_robin\\Billed-app-FR-Front\\src\\containers\\Logout.js","statementMap":{"0":{"start":{"line":5,"column":4},"end":{"line":5,"column":28}},"1":{"start":{"line":6,"column":4},"end":{"line":6,"column":32}},"2":{"start":{"line":7,"column":4},"end":{"line":7,"column":36}},"3":{"start":{"line":8,"column":4},"end":{"line":8,"column":51}},"4":{"start":{"line":11,"column":16},"end":{"line":14,"column":3}},"5":{"start":{"line":12,"column":4},"end":{"line":12,"column":29}},"6":{"start":{"line":13,"column":4},"end":{"line":13,"column":41}}},"fnMap":{"0":{"name":"(anonymous_0)","decl":{"start":{"line":4,"column":2},"end":{"line":4,"column":3}},"loc":{"start":{"line":4,"column":54},"end":{"line":9,"column":3}},"line":4},"1":{"name":"(anonymous_1)","decl":{"start":{"line":11,"column":16},"end":{"line":11,"column":17}},"loc":{"start":{"line":11,"column":23},"end":{"line":14,"column":3}},"line":11}},"branchMap":{},"s":{"0":18,"1":18,"2":18,"3":18,"4":18,"5":2,"6":2},"f":{"0":18,"1":2},"b":{},"_coverageSchema":"1a1c01bbd47fc00a2c39e90264f33305004495a9","hash":"f71cec87dc9a1cb5fdb0a11af6a28c5392e6a10b"}
,"C:\\Users\\robin\\Documents\\Openclassrooms\\P9_bonhoure_robin\\Billed-app-FR-Front\\src\\containers\\NewBill.js": {"path":"C:\\Users\\robin\\Documents\\Openclassrooms\\P9_bonhoure_robin\\Billed-app-FR-Front\\src\\containers\\NewBill.js","statementMap":{"0":{"start":{"line":6,"column":4},"end":{"line":6,"column":28}},"1":{"start":{"line":7,"column":4},"end":{"line":7,"column":32}},"2":{"start":{"line":8,"column":4},"end":{"line":8,"column":22}},"3":{"start":{"line":9,"column":24},"end":{"line":9,"column":88}},"4":{"start":{"line":10,"column":4},"end":{"line":10,"column":61}},"5":{"start":{"line":11,"column":17},"end":{"line":11,"column":73}},"6":{"start":{"line":12,"column":4},"end":{"line":12,"column":58}},"7":{"start":{"line":13,"column":4},"end":{"line":13,"column":23}},"8":{"start":{"line":14,"column":4},"end":{"line":14,"column":24}},"9":{"start":{"line":15,"column":4},"end":{"line":15,"column":22}},"10":{"start":{"line":16,"column":4},"end":{"line":16,"column":54}},"11":{"start":{"line":18,"column":21},"end":{"line":49,"column":3}},"12":{"start":{"line":19,"column":4},"end":{"line":19,"column":22}},"13":{"start":{"line":20,"column":17},"end":{"line":20,"column":82}},"14":{"start":{"line":21,"column":21},"end":{"line":21,"column":30}},"15":{"start":{"line":22,"column":4},"end":{"line":27,"column":5}},"16":{"start":{"line":23,"column":6},"end":{"line":23,"column":31}},"17":{"start":{"line":24,"column":6},"end":{"line":24,"column":74}},"18":{"start":{"line":25,"column":6},"end":{"line":25,"column":77}},"19":{"start":{"line":26,"column":6},"end":{"line":26,"column":13}},"20":{"start":{"line":28,"column":21},"end":{"line":28,"column":48}},"21":{"start":{"line":29,"column":21},"end":{"line":29,"column":48}},"22":{"start":{"line":30,"column":21},"end":{"line":30,"column":35}},"23":{"start":{"line":31,"column":18},"end":{"line":31,"column":64}},"24":{"start":{"line":32,"column":4},"end":{"line":32,"column":33}},"25":{"start":{"line":33,"column":4},"end":{"line":33,"column":35}},"26":{"start":{"line":35,"column":4},"end":{"line":48,"column":45}},"27":{"start":{"line":44,"column":8},"end":{"line":44,"column":28}},"28":{"start":{"line":45,"column":8},"end":{"line":45,"column":25}},"29":{"start":{"line":46,"column":8},"end":{"line":46,"column":30}},"30":{"start":{"line":47,"column":8},"end":{"line":47,"column":32}},"31":{"start":{"line":48,"column":24},"end":{"line":48,"column":44}},"32":{"start":{"line":50,"column":17},"end":{"line":69,"column":3}},"33":{"start":{"line":51,"column":4},"end":{"line":51,"column":22}},"34":{"start":{"line":52,"column":4},"end":{"line":52,"column":147}},"35":{"start":{"line":53,"column":18},"end":{"line":53,"column":64}},"36":{"start":{"line":54,"column":17},"end":{"line":66,"column":5}},"37":{"start":{"line":67,"column":4},"end":{"line":67,"column":25}},"38":{"start":{"line":68,"column":4},"end":{"line":68,"column":41}},"39":{"start":{"line":72,"column":15},"end":{"line":82,"column":3}},"40":{"start":{"line":73,"column":4},"end":{"line":81,"column":5}},"41":{"start":{"line":74,"column":6},"end":{"line":80,"column":43}},"42":{"start":{"line":78,"column":8},"end":{"line":78,"column":45}},"43":{"start":{"line":80,"column":22},"end":{"line":80,"column":42}}},"fnMap":{"0":{"name":"(anonymous_0)","decl":{"start":{"line":5,"column":2},"end":{"line":5,"column":3}},"loc":{"start":{"line":5,"column":61},"end":{"line":17,"column":3}},"line":5},"1":{"name":"(anonymous_1)","decl":{"start":{"line":18,"column":21},"end":{"line":18,"column":22}},"loc":{"start":{"line":18,"column":26},"end":{"line":49,"column":3}},"line":18},"2":{"name":"(anonymous_2)","decl":{"start":{"line":43,"column":12},"end":{"line":43,"column":13}},"loc":{"start":{"line":43,"column":32},"end":{"line":48,"column":7}},"line":43},"3":{"name":"(anonymous_3)","decl":{"start":{"line":48,"column":15},"end":{"line":48,"column":16}},"loc":{"start":{"line":48,"column":24},"end":{"line":48,"column":44}},"line":48},"4":{"name":"(anonymous_4)","decl":{"start":{"line":50,"column":17},"end":{"line":50,"column":18}},"loc":{"start":{"line":50,"column":22},"end":{"line":69,"column":3}},"line":50},"5":{"name":"(anonymous_5)","decl":{"start":{"line":72,"column":15},"end":{"line":72,"column":16}},"loc":{"start":{"line":72,"column":25},"end":{"line":82,"column":3}},"line":72},"6":{"name":"(anonymous_6)","decl":{"start":{"line":77,"column":12},"end":{"line":77,"column":13}},"loc":{"start":{"line":77,"column":18},"end":{"line":79,"column":7}},"line":77},"7":{"name":"(anonymous_7)","decl":{"start":{"line":80,"column":13},"end":{"line":80,"column":14}},"loc":{"start":{"line":80,"column":22},"end":{"line":80,"column":42}},"line":80}},"branchMap":{"0":{"loc":{"start":{"line":22,"column":4},"end":{"line":27,"column":5}},"type":"if","locations":[{"start":{"line":22,"column":4},"end":{"line":27,"column":5}},{"start":{"line":22,"column":4},"end":{"line":27,"column":5}}],"line":22},"1":{"loc":{"start":{"line":61,"column":11},"end":{"line":61,"column":83}},"type":"binary-expr","locations":[{"start":{"line":61,"column":11},"end":{"line":61,"column":77}},{"start":{"line":61,"column":81},"end":{"line":61,"column":83}}],"line":61},"2":{"loc":{"start":{"line":73,"column":4},"end":{"line":81,"column":5}},"type":"if","locations":[{"start":{"line":73,"column":4},"end":{"line":81,"column":5}},{"start":{"line":73,"column":4},"end":{"line":81,"column":5}}],"line":73}},"s":{"0":1,"1":1,"2":1,"3":1,"4":1,"5":1,"6":1,"7":1,"8":1,"9":1,"10":1,"11":1,"12":3,"13":3,"14":3,"15":3,"16":1,"17":1,"18":1,"19":1,"20":2,"21":2,"22":2,"23":2,"24":2,"25":2,"26":2,"27":2,"28":2,"29":2,"30":2,"31":0,"32":1,"33":1,"34":1,"35":1,"36":1,"37":1,"38":1,"39":1,"40":1,"41":1,"42":1,"43":0},"f":{"0":1,"1":3,"2":2,"3":0,"4":1,"5":1,"6":1,"7":0},"b":{"0":[1,2],"1":[1,0],"2":[1,0]},"_coverageSchema":"1a1c01bbd47fc00a2c39e90264f33305004495a9","hash":"678ef257ba238ad78f0757a3247bd9ee616c8bc5"}
,"C:\\Users\\robin\\Documents\\Openclassrooms\\P9_bonhoure_robin\\Billed-app-FR-Front\\src\\views\\Actions.js": {"path":"C:\\Users\\robin\\Documents\\Openclassrooms\\P9_bonhoure_robin\\Billed-app-FR-Front\\src\\views\\Actions.js","statementMap":{"0":{"start":{"line":5,"column":2},"end":{"line":11,"column":3}}},"fnMap":{"0":{"name":"(anonymous_0)","decl":{"start":{"line":4,"column":15},"end":{"line":4,"column":16}},"loc":{"start":{"line":4,"column":28},"end":{"line":12,"column":1}},"line":4}},"branchMap":{},"s":{"0":10},"f":{"0":10},"b":{},"_coverageSchema":"1a1c01bbd47fc00a2c39e90264f33305004495a9","hash":"fa5d613ca7ba41bb37d308b5fcb5d25561623aa7"}
,"C:\\Users\\robin\\Documents\\Openclassrooms\\P9_bonhoure_robin\\Billed-app-FR-Front\\src\\views\\BillsUI.js": {"path":"C:\\Users\\robin\\Documents\\Openclassrooms\\P9_bonhoure_robin\\Billed-app-FR-Front\\src\\views\\BillsUI.js","statementMap":{"0":{"start":{"line":7,"column":12},"end":{"line":20,"column":1}},"1":{"start":{"line":8,"column":2},"end":{"line":19,"column":6}},"2":{"start":{"line":22,"column":13},"end":{"line":24,"column":1}},"3":{"start":{"line":23,"column":2},"end":{"line":23,"column":74}},"4":{"start":{"line":23,"column":50},"end":{"line":23,"column":59}},"5":{"start":{"line":27,"column":2},"end":{"line":29,"column":3}},"6":{"start":{"line":28,"column":4},"end":{"line":28,"column":62}},"7":{"start":{"line":28,"column":34},"end":{"line":28,"column":60}},"8":{"start":{"line":31,"column":16},"end":{"line":46,"column":4}},"9":{"start":{"line":31,"column":23},"end":{"line":46,"column":3}},"10":{"start":{"line":48,"column":2},"end":{"line":52,"column":3}},"11":{"start":{"line":49,"column":4},"end":{"line":49,"column":24}},"12":{"start":{"line":50,"column":9},"end":{"line":52,"column":3}},"13":{"start":{"line":51,"column":4},"end":{"line":51,"column":27}},"14":{"start":{"line":54,"column":2},"end":{"line":82,"column":3}}},"fnMap":{"0":{"name":"(anonymous_0)","decl":{"start":{"line":7,"column":12},"end":{"line":7,"column":13}},"loc":{"start":{"line":7,"column":22},"end":{"line":20,"column":1}},"line":7},"1":{"name":"(anonymous_1)","decl":{"start":{"line":22,"column":13},"end":{"line":22,"column":14}},"loc":{"start":{"line":22,"column":23},"end":{"line":24,"column":1}},"line":22},"2":{"name":"(anonymous_2)","decl":{"start":{"line":23,"column":42},"end":{"line":23,"column":43}},"loc":{"start":{"line":23,"column":50},"end":{"line":23,"column":59}},"line":23},"3":{"name":"(anonymous_3)","decl":{"start":{"line":26,"column":15},"end":{"line":26,"column":16}},"loc":{"start":{"line":26,"column":52},"end":{"line":83,"column":1}},"line":26},"4":{"name":"(anonymous_4)","decl":{"start":{"line":28,"column":23},"end":{"line":28,"column":24}},"loc":{"start":{"line":28,"column":34},"end":{"line":28,"column":60}},"line":28},"5":{"name":"(anonymous_5)","decl":{"start":{"line":31,"column":16},"end":{"line":31,"column":17}},"loc":{"start":{"line":31,"column":23},"end":{"line":46,"column":3}},"line":31}},"branchMap":{"0":{"loc":{"start":{"line":23,"column":9},"end":{"line":23,"column":74}},"type":"cond-expr","locations":[{"start":{"line":23,"column":33},"end":{"line":23,"column":69}},{"start":{"line":23,"column":72},"end":{"line":23,"column":74}}],"line":23},"1":{"loc":{"start":{"line":23,"column":10},"end":{"line":23,"column":29}},"type":"binary-expr","locations":[{"start":{"line":23,"column":10},"end":{"line":23,"column":14}},{"start":{"line":23,"column":18},"end":{"line":23,"column":29}}],"line":23},"2":{"loc":{"start":{"line":27,"column":2},"end":{"line":29,"column":3}},"type":"if","locations":[{"start":{"line":27,"column":2},"end":{"line":29,"column":3}},{"start":{"line":27,"column":2},"end":{"line":29,"column":3}}],"line":27},"3":{"loc":{"start":{"line":28,"column":34},"end":{"line":28,"column":60}},"type":"cond-expr","locations":[{"start":{"line":28,"column":54},"end":{"line":28,"column":55}},{"start":{"line":28,"column":58},"end":{"line":28,"column":60}}],"line":28},"4":{"loc":{"start":{"line":48,"column":2},"end":{"line":52,"column":3}},"type":"if","locations":[{"start":{"line":48,"column":2},"end":{"line":52,"column":3}},{"start":{"line":48,"column":2},"end":{"line":52,"column":3}}],"line":48},"5":{"loc":{"start":{"line":50,"column":9},"end":{"line":52,"column":3}},"type":"if","locations":[{"start":{"line":50,"column":9},"end":{"line":52,"column":3}},{"start":{"line":50,"column":9},"end":{"line":52,"column":3}}],"line":50}},"s":{"0":6,"1":8,"2":6,"3":7,"4":8,"5":7,"6":3,"7":12,"8":7,"9":7,"10":7,"11":0,"12":7,"13":0,"14":7},"f":{"0":8,"1":7,"2":8,"3":7,"4":12,"5":7},"b":{"0":[2,5],"1":[7,3],"2":[3,4],"3":[6,6],"4":[0,7],"5":[0,7]},"_coverageSchema":"1a1c01bbd47fc00a2c39e90264f33305004495a9","hash":"3bf73f9bdfa85e8afd6ef59375076f124d1ffa1e"}
,"C:\\Users\\robin\\Documents\\Openclassrooms\\P9_bonhoure_robin\\Billed-app-FR-Front\\src\\views\\DashboardFormUI.js": {"path":"C:\\Users\\robin\\Documents\\Openclassrooms\\P9_bonhoure_robin\\Billed-app-FR-Front\\src\\views\\DashboardFormUI.js","statementMap":{"0":{"start":{"line":7,"column":21},"end":{"line":22,"column":4}},"1":{"start":{"line":7,"column":28},"end":{"line":22,"column":3}},"2":{"start":{"line":26,"column":2},"end":{"line":101,"column":4}}},"fnMap":{"0":{"name":"(anonymous_0)","decl":{"start":{"line":7,"column":21},"end":{"line":7,"column":22}},"loc":{"start":{"line":7,"column":28},"end":{"line":22,"column":3}},"line":7},"1":{"name":"(anonymous_1)","decl":{"start":{"line":24,"column":15},"end":{"line":24,"column":16}},"loc":{"start":{"line":24,"column":25},"end":{"line":102,"column":1}},"line":24}},"branchMap":{"0":{"loc":{"start":{"line":79,"column":9},"end":{"line":89,"column":9}},"type":"cond-expr","locations":[{"start":{"line":79,"column":38},"end":{"line":84,"column":8}},{"start":{"line":84,"column":13},"end":{"line":89,"column":8}}],"line":79},"1":{"loc":{"start":{"line":92,"column":8},"end":{"line":97,"column":13}},"type":"cond-expr","locations":[{"start":{"line":92,"column":37},"end":{"line":97,"column":7}},{"start":{"line":97,"column":11},"end":{"line":97,"column":13}}],"line":92}},"s":{"0":7,"1":9,"2":9},"f":{"0":9,"1":9},"b":{"0":[6,3],"1":[6,3]},"_coverageSchema":"1a1c01bbd47fc00a2c39e90264f33305004495a9","hash":"d8efad7aca2bbf740ff5f1d573f15d2ac0d32caa"}
,"C:\\Users\\robin\\Documents\\Openclassrooms\\P9_bonhoure_robin\\Billed-app-FR-Front\\src\\views\\DashboardUI.js": {"path":"C:\\Users\\robin\\Documents\\Openclassrooms\\P9_bonhoure_robin\\Billed-app-FR-Front\\src\\views\\DashboardUI.js","statementMap":{"0":{"start":{"line":10,"column":2},"end":{"line":14,"column":3}},"1":{"start":{"line":11,"column":4},"end":{"line":11,"column":24}},"2":{"start":{"line":12,"column":9},"end":{"line":14,"column":3}},"3":{"start":{"line":13,"column":4},"end":{"line":13,"column":27}},"4":{"start":{"line":16,"column":2},"end":{"line":48,"column":3}}},"fnMap":{"0":{"name":"(anonymous_0)","decl":{"start":{"line":8,"column":15},"end":{"line":8,"column":16}},"loc":{"start":{"line":8,"column":45},"end":{"line":49,"column":1}},"line":8}},"branchMap":{"0":{"loc":{"start":{"line":10,"column":2},"end":{"line":14,"column":3}},"type":"if","locations":[{"start":{"line":10,"column":2},"end":{"line":14,"column":3}},{"start":{"line":10,"column":2},"end":{"line":14,"column":3}}],"line":10},"1":{"loc":{"start":{"line":12,"column":9},"end":{"line":14,"column":3}},"type":"if","locations":[{"start":{"line":12,"column":9},"end":{"line":14,"column":3}},{"start":{"line":12,"column":9},"end":{"line":14,"column":3}}],"line":12},"2":{"loc":{"start":{"line":22,"column":45},"end":{"line":22,"column":63}},"type":"binary-expr","locations":[{"start":{"line":22,"column":45},"end":{"line":22,"column":49}},{"start":{"line":22,"column":53},"end":{"line":22,"column":63}}],"line":22},"3":{"loc":{"start":{"line":29,"column":43},"end":{"line":29,"column":61}},"type":"binary-expr","locations":[{"start":{"line":29,"column":43},"end":{"line":29,"column":47}},{"start":{"line":29,"column":51},"end":{"line":29,"column":61}}],"line":29},"4":{"loc":{"start":{"line":36,"column":43},"end":{"line":36,"column":61}},"type":"binary-expr","locations":[{"start":{"line":36,"column":43},"end":{"line":36,"column":47}},{"start":{"line":36,"column":51},"end":{"line":36,"column":61}}],"line":36}},"s":{"0":21,"1":6,"2":15,"3":3,"4":12},"f":{"0":21},"b":{"0":[6,15],"1":[3,12],"2":[12,7],"3":[12,7],"4":[12,7]},"_coverageSchema":"1a1c01bbd47fc00a2c39e90264f33305004495a9","hash":"b90172cee4f011ee9bd413cca344039765dd30e5"}
,"C:\\Users\\robin\\Documents\\Openclassrooms\\P9_bonhoure_robin\\Billed-app-FR-Front\\src\\views\\ErrorPage.js": {"path":"C:\\Users\\robin\\Documents\\Openclassrooms\\P9_bonhoure_robin\\Billed-app-FR-Front\\src\\views\\ErrorPage.js","statementMap":{"0":{"start":{"line":4,"column":2},"end":{"line":15,"column":3}}},"fnMap":{"0":{"name":"(anonymous_0)","decl":{"start":{"line":3,"column":15},"end":{"line":3,"column":16}},"loc":{"start":{"line":3,"column":26},"end":{"line":16,"column":1}},"line":3}},"branchMap":{"0":{"loc":{"start":{"line":12,"column":12},"end":{"line":12,"column":30}},"type":"cond-expr","locations":[{"start":{"line":12,"column":20},"end":{"line":12,"column":25}},{"start":{"line":12,"column":28},"end":{"line":12,"column":30}}],"line":12}},"s":{"0":5},"f":{"0":5},"b":{"0":[4,1]},"_coverageSchema":"1a1c01bbd47fc00a2c39e90264f33305004495a9","hash":"48ab0b7102fba98a74676382633bfe7250412610"}
,"C:\\Users\\robin\\Documents\\Openclassrooms\\P9_bonhoure_robin\\Billed-app-FR-Front\\src\\views\\LoadingPage.js": {"path":"C:\\Users\\robin\\Documents\\Openclassrooms\\P9_bonhoure_robin\\Billed-app-FR-Front\\src\\views\\LoadingPage.js","statementMap":{"0":{"start":{"line":5,"column":2},"end":{"line":12,"column":3}}},"fnMap":{"0":{"name":"(anonymous_0)","decl":{"start":{"line":3,"column":15},"end":{"line":3,"column":16}},"loc":{"start":{"line":3,"column":21},"end":{"line":13,"column":1}},"line":3}},"branchMap":{},"s":{"0":7},"f":{"0":7},"b":{},"_coverageSchema":"1a1c01bbd47fc00a2c39e90264f33305004495a9","hash":"1ac1a3c0d1709d4e8e976a34febdbd7303a0e800"}
,"C:\\Users\\robin\\Documents\\Openclassrooms\\P9_bonhoure_robin\\Billed-app-FR-Front\\src\\views\\LoginUI.js": {"path":"C:\\Users\\robin\\Documents\\Openclassrooms\\P9_bonhoure_robin\\Billed-app-FR-Front\\src\\views\\LoginUI.js","statementMap":{"0":{"start":{"line":4,"column":2},"end":{"line":46,"column":4}}},"fnMap":{"0":{"name":"(anonymous_0)","decl":{"start":{"line":2,"column":15},"end":{"line":2,"column":16}},"loc":{"start":{"line":2,"column":21},"end":{"line":47,"column":1}},"line":2}},"branchMap":{},"s":{"0":13},"f":{"0":13},"b":{},"_coverageSchema":"1a1c01bbd47fc00a2c39e90264f33305004495a9","hash":"990c510fedf4e8c0a90be1ea6eb1db06449237c8"}
,"C:\\Users\\robin\\Documents\\Openclassrooms\\P9_bonhoure_robin\\Billed-app-FR-Front\\src\\views\\NewBillUI.js": {"path":"C:\\Users\\robin\\Documents\\Openclassrooms\\P9_bonhoure_robin\\Billed-app-FR-Front\\src\\views\\NewBillUI.js","statementMap":{"0":{"start":{"line":5,"column":2},"end":{"line":73,"column":4}}},"fnMap":{"0":{"name":"(anonymous_0)","decl":{"start":{"line":3,"column":15},"end":{"line":3,"column":16}},"loc":{"start":{"line":3,"column":21},"end":{"line":74,"column":1}},"line":3}},"branchMap":{},"s":{"0":3},"f":{"0":3},"b":{},"_coverageSchema":"1a1c01bbd47fc00a2c39e90264f33305004495a9","hash":"dadfd4811b15d2bc42844667a155c3de7cd09c70"}
,"C:\\Users\\robin\\Documents\\Openclassrooms\\P9_bonhoure_robin\\Billed-app-FR-Front\\src\\views\\VerticalLayout.js": {"path":"C:\\Users\\robin\\Documents\\Openclassrooms\\P9_bonhoure_robin\\Billed-app-FR-Front\\src\\views\\VerticalLayout.js","statementMap":{"0":{"start":{"line":7,"column":4},"end":{"line":7,"column":51}},"1":{"start":{"line":8,"column":4},"end":{"line":10,"column":5}},"2":{"start":{"line":9,"column":6},"end":{"line":9,"column":29}},"3":{"start":{"line":11,"column":4},"end":{"line":39,"column":5}},"4":{"start":{"line":12,"column":6},"end":{"line":27,"column":7}},"5":{"start":{"line":29,"column":6},"end":{"line":38,"column":7}}},"fnMap":{"0":{"name":"(anonymous_0)","decl":{"start":{"line":5,"column":15},"end":{"line":5,"column":16}},"loc":{"start":{"line":5,"column":27},"end":{"line":40,"column":1}},"line":5}},"branchMap":{"0":{"loc":{"start":{"line":8,"column":4},"end":{"line":10,"column":5}},"type":"if","locations":[{"start":{"line":8,"column":4},"end":{"line":10,"column":5}},{"start":{"line":8,"column":4},"end":{"line":10,"column":5}}],"line":8},"1":{"loc":{"start":{"line":11,"column":4},"end":{"line":39,"column":5}},"type":"if","locations":[{"start":{"line":11,"column":4},"end":{"line":39,"column":5}},{"start":{"line":11,"column":4},"end":{"line":39,"column":5}}],"line":11},"2":{"loc":{"start":{"line":11,"column":8},"end":{"line":11,"column":40}},"type":"binary-expr","locations":[{"start":{"line":11,"column":8},"end":{"line":11,"column":12}},{"start":{"line":11,"column":16},"end":{"line":11,"column":40}}],"line":11}},"s":{"0":35,"1":35,"2":18,"3":35,"4":6,"5":29},"f":{"0":35},"b":{"0":[18,17],"1":[6,29],"2":[35,22]},"_coverageSchema":"1a1c01bbd47fc00a2c39e90264f33305004495a9","hash":"75d4fb428394ea4c4523392c2da710e8bffa0310"}
}
