TN:
SF:src\constants\routes.js
FN:13,(anonymous_0)
FNF:1
FNH:1
FNDA:26,(anonymous_0)
DA:6,6
DA:13,6
DA:14,26
DA:16,6
DA:18,5
DA:20,2
DA:22,12
DA:24,1
LF:8
LH:8
BRDA:14,0,0,6
BRDA:14,0,1,5
BRDA:14,0,2,2
BRDA:14,0,3,12
BRDA:14,0,4,1
BRF:5
BRH:5
end_of_record
TN:
SF:src\constants\usersTest.js
FNF:0
FNH:0
LF:0
LH:0
BRF:0
BRH:0
end_of_record
TN:
SF:src\containers\Bills.js
FN:6,(anonymous_0)
FN:13,(anonymous_1)
FN:14,(anonymous_2)
FN:19,(anonymous_3)
FN:23,(anonymous_4)
FN:32,(anonymous_5)
FN:37,(anonymous_6)
FN:39,(anonymous_7)
FN:59,(anonymous_8)
FNF:9
FNH:3
FNDA:2,(anonymous_0)
FNDA:0,(anonymous_1)
FNDA:0,(anonymous_2)
FNDA:1,(anonymous_3)
FNDA:1,(anonymous_4)
FNDA:0,(anonymous_5)
FNDA:0,(anonymous_6)
FNDA:0,(anonymous_7)
FNDA:0,(anonymous_8)
DA:7,2
DA:8,2
DA:9,2
DA:10,2
DA:11,2
DA:12,2
DA:13,2
DA:14,0
DA:16,2
DA:19,2
DA:20,1
DA:23,2
DA:24,1
DA:25,1
DA:26,1
DA:27,1
DA:28,1
DA:29,1
DA:32,2
DA:33,0
DA:34,0
DA:38,0
DA:40,0
DA:41,0
DA:49,0
DA:50,0
DA:57,0
DA:58,0
DA:59,0
DA:60,0
DA:61,0
LF:31
LH:18
BRDA:11,0,0,0
BRDA:11,0,1,2
BRDA:13,1,0,2
BRDA:13,1,1,0
BRDA:33,2,0,0
BRDA:33,2,1,0
BRDA:59,3,0,0
BRDA:59,3,1,0
BRF:8
BRH:2
end_of_record
TN:
SF:src\containers\Dashboard.js
FN:12,(anonymous_0)
FN:14,(anonymous_1)
FN:34,(anonymous_2)
FN:59,(anonymous_3)
FN:60,(anonymous_4)
FN:63,(anonymous_5)
FN:75,(anonymous_6)
FN:79,(anonymous_7)
FN:80,(anonymous_8)
FN:81,(anonymous_9)
FN:85,(anonymous_10)
FN:92,(anonymous_11)
FN:98,(anonymous_12)
FN:115,(anonymous_13)
FN:116,(anonymous_14)
FN:119,(anonymous_15)
FN:129,(anonymous_16)
FN:140,(anonymous_17)
FN:157,(anonymous_18)
FN:158,(anonymous_19)
FN:165,(anonymous_20)
FN:170,(anonymous_21)
FN:172,(anonymous_22)
FN:180,(anonymous_23)
FNF:24
FNH:19
FNDA:44,(anonymous_0)
FNDA:104,(anonymous_1)
FNDA:6,(anonymous_2)
FNDA:6,(anonymous_3)
FNDA:6,(anonymous_4)
FNDA:5,(anonymous_5)
FNDA:14,(anonymous_6)
FNDA:0,(anonymous_7)
FNDA:0,(anonymous_8)
FNDA:0,(anonymous_9)
FNDA:1,(anonymous_10)
FNDA:3,(anonymous_11)
FNDA:8,(anonymous_12)
FNDA:0,(anonymous_13)
FNDA:0,(anonymous_14)
FNDA:1,(anonymous_15)
FNDA:1,(anonymous_16)
FNDA:5,(anonymous_17)
FNDA:20,(anonymous_18)
FNDA:3,(anonymous_19)
FNDA:5,(anonymous_20)
FNDA:3,(anonymous_21)
FNDA:12,(anonymous_22)
FNDA:2,(anonymous_23)
DA:10,6
DA:12,6
DA:13,44
DA:18,104
DA:19,104
DA:30,104
DA:34,6
DA:35,6
DA:36,6
DA:38,6
DA:41,6
DA:59,6
DA:60,6
DA:63,6
DA:64,5
DA:66,3
DA:68,1
DA:70,1
DA:76,14
DA:77,14
DA:78,14
DA:79,14
DA:80,14
DA:81,14
DA:82,14
DA:85,14
DA:86,1
DA:87,1
DA:88,1
DA:89,1
DA:93,3
DA:94,3
DA:95,3
DA:96,3
DA:97,3
DA:98,2
DA:99,8
DA:101,2
DA:102,2
DA:103,2
DA:104,2
DA:106,1
DA:108,1
DA:111,1
DA:112,1
DA:114,3
DA:115,3
DA:116,3
DA:119,14
DA:120,1
DA:125,1
DA:126,1
DA:129,14
DA:130,1
DA:135,1
DA:136,1
DA:143,5
DA:144,5
DA:145,5
DA:146,5
DA:147,5
DA:149,5
DA:151,0
DA:152,0
DA:154,0
DA:157,5
DA:158,20
DA:161,5
DA:165,14
DA:166,5
DA:167,5
DA:171,3
DA:172,12
DA:178,3
DA:181,2
LF:75
LH:72
BRDA:13,0,0,26
BRDA:13,0,1,18
BRDA:13,1,0,44
BRDA:13,1,1,26
BRDA:18,2,0,104
BRDA:18,2,1,0
BRDA:36,3,0,0
BRDA:36,3,1,6
BRDA:38,4,0,0
BRDA:38,4,1,6
BRDA:60,5,0,5
BRDA:60,5,1,1
BRDA:60,6,0,6
BRDA:60,6,1,6
BRDA:64,7,0,3
BRDA:64,7,1,1
BRDA:64,7,2,1
BRDA:89,8,0,0
BRDA:89,8,1,1
BRDA:94,9,0,2
BRDA:94,9,1,1
BRDA:94,10,0,3
BRDA:94,10,1,3
BRDA:95,11,0,2
BRDA:95,11,1,1
BRDA:95,12,0,3
BRDA:95,12,1,1
BRDA:97,13,0,2
BRDA:97,13,1,1
BRDA:143,14,0,5
BRDA:143,14,1,0
BRDA:143,15,0,5
BRDA:143,15,1,2
BRDA:144,16,0,5
BRDA:144,16,1,0
BRDA:144,17,0,5
BRDA:144,17,1,2
BRDA:145,18,0,5
BRDA:145,18,1,0
BRDA:166,19,0,5
BRDA:166,19,1,0
BRF:41
BRH:33
end_of_record
TN:
SF:src\containers\Login.js
FN:7,(anonymous_0)
FN:18,(anonymous_1)
FN:29,(anonymous_2)
FN:31,(anonymous_3)
FN:40,(anonymous_4)
FN:51,(anonymous_5)
FN:53,(anonymous_6)
FN:62,(anonymous_7)
FN:68,(anonymous_8)
FN:77,(anonymous_9)
FN:87,(anonymous_10)
FNF:11
FNH:5
FNDA:3,(anonymous_0)
FNDA:2,(anonymous_1)
FNDA:0,(anonymous_2)
FNDA:2,(anonymous_3)
FNDA:2,(anonymous_4)
FNDA:0,(anonymous_5)
FNDA:2,(anonymous_6)
FNDA:0,(anonymous_7)
FNDA:0,(anonymous_8)
FNDA:0,(anonymous_9)
FNDA:0,(anonymous_10)
DA:3,3
DA:8,3
DA:9,3
DA:10,3
DA:11,3
DA:12,3
DA:13,3
DA:14,3
DA:15,3
DA:16,3
DA:18,3
DA:19,2
DA:20,2
DA:26,2
DA:27,2
DA:29,0
DA:32,2
DA:33,2
DA:34,2
DA:35,2
DA:40,3
DA:41,2
DA:42,2
DA:48,2
DA:49,2
DA:51,0
DA:54,2
DA:55,2
DA:56,2
DA:57,2
DA:62,3
DA:63,0
DA:64,0
DA:69,0
DA:72,0
DA:77,3
DA:78,0
DA:79,0
DA:88,0
DA:89,0
DA:92,0
LF:41
LH:30
BRDA:63,0,0,0
BRDA:63,0,1,0
BRDA:78,1,0,0
BRDA:78,1,1,0
BRF:4
BRH:0
end_of_record
TN:
SF:src\containers\Logout.js
FN:4,(anonymous_0)
FN:11,(anonymous_1)
FNF:2
FNH:2
FNDA:18,(anonymous_0)
FNDA:2,(anonymous_1)
DA:5,18
DA:6,18
DA:7,18
DA:8,18
DA:11,18
DA:12,2
DA:13,2
LF:7
LH:7
BRF:0
BRH:0
end_of_record
TN:
SF:src\containers\NewBill.js
FN:5,(anonymous_0)
FN:18,(anonymous_1)
FN:43,(anonymous_2)
FN:48,(anonymous_3)
FN:50,(anonymous_4)
FN:72,(anonymous_5)
FN:77,(anonymous_6)
FN:80,(anonymous_7)
FNF:8
FNH:6
FNDA:1,(anonymous_0)
FNDA:3,(anonymous_1)
FNDA:2,(anonymous_2)
FNDA:0,(anonymous_3)
FNDA:1,(anonymous_4)
FNDA:1,(anonymous_5)
FNDA:1,(anonymous_6)
FNDA:0,(anonymous_7)
DA:6,1
DA:7,1
DA:8,1
DA:9,1
DA:10,1
DA:11,1
DA:12,1
DA:13,1
DA:14,1
DA:15,1
DA:16,1
DA:18,1
DA:19,3
DA:20,3
DA:21,3
DA:22,3
DA:23,1
DA:24,1
DA:25,1
DA:26,1
DA:28,2
DA:29,2
DA:30,2
DA:31,2
DA:32,2
DA:33,2
DA:35,2
DA:44,2
DA:45,2
DA:46,2
DA:47,2
DA:48,0
DA:50,1
DA:51,1
DA:52,1
DA:53,1
DA:54,1
DA:67,1
DA:68,1
DA:72,1
DA:73,1
DA:74,1
DA:78,1
DA:80,0
LF:44
LH:42
BRDA:22,0,0,1
BRDA:22,0,1,2
BRDA:61,1,0,1
BRDA:61,1,1,0
BRDA:73,2,0,1
BRDA:73,2,1,0
BRF:6
BRH:4
end_of_record
TN:
SF:src\views\Actions.js
FN:4,(anonymous_0)
FNF:1
FNH:1
FNDA:10,(anonymous_0)
DA:5,10
LF:1
LH:1
BRF:0
BRH:0
end_of_record
TN:
SF:src\views\BillsUI.js
FN:7,(anonymous_0)
FN:22,(anonymous_1)
FN:23,(anonymous_2)
FN:26,(anonymous_3)
FN:28,(anonymous_4)
FN:31,(anonymous_5)
FNF:6
FNH:6
FNDA:8,(anonymous_0)
FNDA:7,(anonymous_1)
FNDA:8,(anonymous_2)
FNDA:7,(anonymous_3)
FNDA:12,(anonymous_4)
FNDA:7,(anonymous_5)
DA:7,6
DA:8,8
DA:22,6
DA:23,8
DA:27,7
DA:28,12
DA:31,7
DA:48,7
DA:49,0
DA:50,7
DA:51,0
DA:54,7
LF:12
LH:10
BRDA:23,0,0,2
BRDA:23,0,1,5
BRDA:23,1,0,7
BRDA:23,1,1,3
BRDA:27,2,0,3
BRDA:27,2,1,4
BRDA:28,3,0,6
BRDA:28,3,1,6
BRDA:48,4,0,0
BRDA:48,4,1,7
BRDA:50,5,0,0
BRDA:50,5,1,7
BRF:12
BRH:10
end_of_record
TN:
SF:src\views\DashboardFormUI.js
FN:7,(anonymous_0)
FN:24,(anonymous_1)
FNF:2
FNH:2
FNDA:9,(anonymous_0)
FNDA:9,(anonymous_1)
DA:7,9
DA:26,9
LF:2
LH:2
BRDA:79,0,0,6
BRDA:79,0,1,3
BRDA:92,1,0,6
BRDA:92,1,1,3
BRF:4
BRH:4
end_of_record
TN:
SF:src\views\DashboardUI.js
FN:8,(anonymous_0)
FNF:1
FNH:1
FNDA:21,(anonymous_0)
DA:10,21
DA:11,6
DA:12,15
DA:13,3
DA:16,12
LF:5
LH:5
BRDA:10,0,0,6
BRDA:10,0,1,15
BRDA:12,1,0,3
BRDA:12,1,1,12
BRDA:22,2,0,12
BRDA:22,2,1,7
BRDA:29,3,0,12
BRDA:29,3,1,7
BRDA:36,4,0,12
BRDA:36,4,1,7
BRF:10
BRH:10
end_of_record
TN:
SF:src\views\ErrorPage.js
FN:3,(anonymous_0)
FNF:1
FNH:1
FNDA:5,(anonymous_0)
DA:4,5
LF:1
LH:1
BRDA:12,0,0,4
BRDA:12,0,1,1
BRF:2
BRH:2
end_of_record
TN:
SF:src\views\LoadingPage.js
FN:3,(anonymous_0)
FNF:1
FNH:1
FNDA:7,(anonymous_0)
DA:5,7
LF:1
LH:1
BRF:0
BRH:0
end_of_record
TN:
SF:src\views\LoginUI.js
FN:2,(anonymous_0)
FNF:1
FNH:1
FNDA:13,(anonymous_0)
DA:4,13
LF:1
LH:1
BRF:0
BRH:0
end_of_record
TN:
SF:src\views\NewBillUI.js
FN:3,(anonymous_0)
FNF:1
FNH:1
FNDA:3,(anonymous_0)
DA:5,3
LF:1
LH:1
BRF:0
BRH:0
end_of_record
TN:
SF:src\views\VerticalLayout.js
FN:5,(anonymous_0)
FNF:1
FNH:1
FNDA:35,(anonymous_0)
DA:7,35
DA:8,35
DA:9,18
DA:11,35
DA:12,6
DA:29,29
LF:6
LH:6
BRDA:8,0,0,18
BRDA:8,0,1,17
BRDA:11,1,0,6
BRDA:11,1,1,29
BRDA:11,2,0,35
BRDA:11,2,1,22
BRF:6
BRH:6
end_of_record
